<?xml version="1.0" encoding="UTF-8"?>
<testsuite name="qa.guru.allure.StepsTest" tests="1" skipped="0" failures="0" errors="0" timestamp="2022-12-09T19:59:56" hostname="Almass-MacBook.local" time="33.874">
  <properties/>
  <testcase name="testLambdaStep()" classname="qa.guru.allure.StepsTest" time="33.874"/>
  <system-out><![CDATA[]]></system-out>
  <system-err><![CDATA[Starting ChromeDriver 107.0.5304.62 (1eec40d3a5764881c92085aaee66d25075c159aa-refs/branch-heads/5304@{#942}) on port 6184
Only local connections are allowed.
Please see https://chromedriver.chromium.org/security-considerations for suggestions on keeping ChromeDriver safe.
ChromeDriver was started successfully.
]]></system-err>
</testsuite>
